Arguments: 
  C:\Program Files\nodejs\node.exe C:\Program Files (x86)\Yarn\bin\yarn.js add @types/serialport/parser-readline

PATH: 
  C:\Program Files\AdoptOpenJDK\jdk-11.0.8.10-hotspot\bin;C:\Program Files\AdoptOpenJDK\jdk-8.0.265.01-hotspot\bin;C:\WINDOWS\system32;C:\WINDOWS;C:\WINDOWS\System32\Wbem;C:\WINDOWS\System32\WindowsPowerShell\v1.0\;C:\WINDOWS\System32\OpenSSH\;C:\ProgramData\chocolatey\bin;C:\Program Files\Microsoft VS Code\bin;C:\Program Files\Git\cmd;C:\Program Files\nodejs\;C:\Program Files (x86)\Yarn\bin\;C:\Program Files\TortoiseSVN\bin;C:\Program Files\Docker\Docker\resources\bin;C:\ProgramData\DockerDesktop\version-bin;C:\Ruby27-x64\bin;C:\Users\LENON\scoop\shims;C:\Users\LENON\AppData\Local\Microsoft\WindowsApps;C:\tools\neovim\Neovim\bin;C:\Users\LENON\AppData\Roaming\npm;C:\Users\LENON\AppData\Local\Yarn\bin;C:\Users\LENON\AppData\Local\GitHubDesktop\bin

Yarn version: 
  1.22.5

Node version: 
  14.14.0

Platform: 
  win32 x64

Trace: 
  Error: https://registry.yarnpkg.com/@types%2fserialport/parser-readline: Request "https://registry.yarnpkg.com/@types%2fserialport/parser-readline" returned a 405
      at Request.params.callback [as _callback] (C:\Program Files (x86)\Yarn\lib\cli.js:66106:18)
      at Request.self.callback (C:\Program Files (x86)\Yarn\lib\cli.js:140749:22)
      at Request.emit (events.js:315:20)
      at Request.<anonymous> (C:\Program Files (x86)\Yarn\lib\cli.js:141721:10)
      at Request.emit (events.js:315:20)
      at IncomingMessage.<anonymous> (C:\Program Files (x86)\Yarn\lib\cli.js:141643:12)
      at Object.onceWrapper (events.js:421:28)
      at IncomingMessage.emit (events.js:327:22)
      at endReadableNT (_stream_readable.js:1327:12)
      at processTicksAndRejections (internal/process/task_queues.js:80:21)

npm manifest: 
  {
      "name": "backend",
      "version": "1.0.0",
      "main": "index.js",
      "license": "MIT",
      "scripts": {
          "build": "tsc",
          "dev:server": "ts-node-dev --inspect --transpile-only --ignore-watch node_modules src/server.ts",
          "typeorm": "ts-node-dev ./node_modules/typeorm/cli.js"
      },
      "dependencies": {
          "express": "^4.17.1",
          "serialport": "^9.0.2",
          "typescript": "^4.1.2"
      },
      "devDependencies": {
          "@types/express": "^4.17.9",
          "@types/serialport": "^8.0.1",
          "ts-node-dev": "^1.0.0"
      },
      "type": "module"
  }

yarn manifest: 
  No manifest

Lockfile: 
  No lockfile
